<?xml version="1.0" encoding="UTF-8"?>
<!-- Generated by org.testng.reporters.JUnitXMLReporter -->
<testsuite ignored="0" hostname="ATMECSBLRLT-030" failures="0" tests="5" name="Default test" time="33.71" errors="0" timestamp="18 Sep 2020 10:43:17 GMT">
  <testcase classname="selenium.automationSite.copy.Windows" name="facebook" time="4.037"/>
  <testcase classname="selenium.automationSite.copy.Windows" name="googlePlus" time="2.369"/>
  <testcase classname="selenium.automationSite.copy.Windows" name="linkedIn" time="1.85"/>
  <testcase classname="selenium.automationSite.copy.Windows" name="twitter" time="3.299"/>
  <testcase classname="selenium.automationSite.copy.Windows" name="youtube" time="4.454"/>
</testsuite> <!-- Default test -->
