<?xml version="1.0" encoding="UTF-8"?>
<!-- Generated by org.testng.reporters.JUnitXMLReporter -->
<testsuite ignored="0" hostname="ATMECSBLRLT-030" failures="0" tests="4" name="Default test" time="50.233" errors="0" timestamp="14 Sep 2020 06:30:36 GMT">
  <testcase classname="selaniumsecondprogram.DemoBlaze" name="signup" time="1.438"/>
  <testcase classname="selaniumsecondprogram.DemoBlaze" name="login" time="0.39"/>
  <testcase classname="selaniumsecondprogram.DemoBlaze" name="contact" time="0.478"/>
  <testcase classname="selaniumsecondprogram.DemoBlaze" name="addCart" time="23.13"/>
</testsuite> <!-- Default test -->
