<?xml version="1.0" encoding="UTF-8"?>
<testng-results ignored="0" total="2" passed="2" failed="0" skipped="0">
  <reporter-output>
  </reporter-output>
  <suite started-at="2020-09-18T09:15:57Z" name="Default suite" finished-at="2020-09-18T09:16:19Z" duration-ms="21558">
    <groups>
    </groups>
    <test started-at="2020-09-18T09:15:57Z" name="Default test" finished-at="2020-09-18T09:16:19Z" duration-ms="21558">
      <class name="selenium.annotations.FirstProgram">
        <test-method is-config="true" signature="beforeTest()[pri:0, instance:selenium.annotations.FirstProgram@45dd4eda]" started-at="2020-09-18T09:15:57Z" name="beforeTest" finished-at="2020-09-18T09:15:57Z" duration-ms="12" status="PASS">
          <reporter-output>
          </reporter-output>
        </test-method> <!-- beforeTest -->
        <test-method is-config="true" signature="beforeClass()[pri:0, instance:selenium.annotations.FirstProgram@45dd4eda]" started-at="2020-09-18T09:15:57Z" name="beforeClass" finished-at="2020-09-18T09:15:57Z" duration-ms="0" status="PASS">
          <reporter-output>
          </reporter-output>
        </test-method> <!-- beforeClass -->
        <test-method signature="guruTest()[pri:1, instance:selenium.annotations.FirstProgram@45dd4eda]" started-at="2020-09-18T09:15:57Z" name="guruTest" finished-at="2020-09-18T09:16:10Z" duration-ms="12475" status="PASS">
          <reporter-output>
          </reporter-output>
        </test-method> <!-- guruTest -->
        <test-method is-config="true" signature="beforeMethod()[pri:0, instance:selenium.annotations.FirstProgram@45dd4eda]" started-at="2020-09-18T09:15:57Z" name="beforeMethod" finished-at="2020-09-18T09:15:57Z" duration-ms="0" status="PASS">
          <reporter-output>
          </reporter-output>
        </test-method> <!-- beforeMethod -->
        <test-method is-config="true" signature="AfterMethod()[pri:0, instance:selenium.annotations.FirstProgram@45dd4eda]" started-at="2020-09-18T09:16:10Z" name="AfterMethod" finished-at="2020-09-18T09:16:10Z" duration-ms="98" status="PASS">
          <reporter-output>
          </reporter-output>
        </test-method> <!-- AfterMethod -->
        <test-method is-config="true" signature="afterClass()[pri:0, instance:selenium.annotations.FirstProgram@45dd4eda]" started-at="2020-09-18T09:16:10Z" name="afterClass" finished-at="2020-09-18T09:16:10Z" duration-ms="0" status="PASS">
          <reporter-output>
          </reporter-output>
        </test-method> <!-- afterClass -->
        <test-method is-config="true" signature="afterTest()[pri:0, instance:selenium.annotations.FirstProgram@45dd4eda]" started-at="2020-09-18T09:16:19Z" name="afterTest" finished-at="2020-09-18T09:16:19Z" duration-ms="1" status="PASS">
          <reporter-output>
          </reporter-output>
        </test-method> <!-- afterTest -->
      </class> <!-- selenium.annotations.FirstProgram -->
      <class name="selenium.annotations.SecondProgram">
        <test-method is-config="true" signature="beforeClass()[pri:0, instance:selenium.annotations.SecondProgram@60611244]" started-at="2020-09-18T09:16:10Z" name="beforeClass" finished-at="2020-09-18T09:16:10Z" duration-ms="1" status="PASS">
          <reporter-output>
          </reporter-output>
        </test-method> <!-- beforeClass -->
        <test-method is-config="true" signature="beforeMethod()[pri:0, instance:selenium.annotations.SecondProgram@60611244]" started-at="2020-09-18T09:16:10Z" name="beforeMethod" finished-at="2020-09-18T09:16:10Z" duration-ms="0" status="PASS">
          <reporter-output>
          </reporter-output>
        </test-method> <!-- beforeMethod -->
        <test-method signature="google()[pri:2, instance:selenium.annotations.SecondProgram@60611244]" started-at="2020-09-18T09:16:10Z" name="google" finished-at="2020-09-18T09:16:17Z" duration-ms="6838" status="PASS">
          <reporter-output>
          </reporter-output>
        </test-method> <!-- google -->
        <test-method is-config="true" signature="exit()[pri:0, instance:selenium.annotations.SecondProgram@60611244]" started-at="2020-09-18T09:16:17Z" name="exit" finished-at="2020-09-18T09:16:19Z" duration-ms="2108" status="PASS">
          <reporter-output>
          </reporter-output>
        </test-method> <!-- exit -->
        <test-method is-config="true" signature="afterClass()[pri:0, instance:selenium.annotations.SecondProgram@60611244]" started-at="2020-09-18T09:16:19Z" name="afterClass" finished-at="2020-09-18T09:16:19Z" duration-ms="0" status="PASS">
          <reporter-output>
          </reporter-output>
        </test-method> <!-- afterClass -->
      </class> <!-- selenium.annotations.SecondProgram -->
    </test> <!-- Default test -->
  </suite> <!-- Default suite -->
</testng-results>
