<?xml version="1.0" encoding="UTF-8"?>
<testng-results ignored="0" total="4" passed="4" failed="0" skipped="0">
  <reporter-output>
  </reporter-output>
  <suite started-at="2020-09-18T09:43:38Z" name="Suite" finished-at="2020-09-18T09:44:27Z" duration-ms="48983">
    <groups>
    </groups>
    <test started-at="2020-09-18T09:43:38Z" name="Test" finished-at="2020-09-18T09:44:27Z" duration-ms="48983">
      <class name="selenium.demoblaze.ContactClass">
        <test-method is-config="true" signature="beforeMethod()[pri:0, instance:selenium.demoblaze.ContactClass@2b6856dd]" started-at="2020-09-18T09:43:59Z" name="beforeMethod" finished-at="2020-09-18T09:44:05Z" duration-ms="6117" status="PASS">
          <reporter-output>
          </reporter-output>
        </test-method> <!-- beforeMethod -->
        <test-method signature="contact()[pri:3, instance:selenium.demoblaze.ContactClass@2b6856dd]" started-at="2020-09-18T09:44:05Z" name="contact" finished-at="2020-09-18T09:44:08Z" duration-ms="2863" status="PASS">
          <reporter-output>
          </reporter-output>
        </test-method> <!-- contact -->
      </class> <!-- selenium.demoblaze.ContactClass -->
      <class name="selenium.demoblaze.AddCartClass">
        <test-method is-config="true" signature="beforeMethod()[pri:0, instance:selenium.demoblaze.AddCartClass@37e547da]" started-at="2020-09-18T09:44:08Z" name="beforeMethod" finished-at="2020-09-18T09:44:13Z" duration-ms="5252" status="PASS">
          <reporter-output>
          </reporter-output>
        </test-method> <!-- beforeMethod -->
        <test-method signature="addCart()[pri:4, instance:selenium.demoblaze.AddCartClass@37e547da]" started-at="2020-09-18T09:44:13Z" name="addCart" finished-at="2020-09-18T09:44:27Z" duration-ms="13974" status="PASS">
          <reporter-output>
          </reporter-output>
        </test-method> <!-- addCart -->
      </class> <!-- selenium.demoblaze.AddCartClass -->
      <class name="selenium.demoblaze.Signup">
        <test-method is-config="true" signature="beforeMethod()[pri:0, instance:selenium.demoblaze.Signup@6107227e]" started-at="2020-09-18T09:43:38Z" name="beforeMethod" finished-at="2020-09-18T09:43:48Z" duration-ms="10308" status="PASS">
          <reporter-output>
          </reporter-output>
        </test-method> <!-- beforeMethod -->
        <test-method signature="signup()[pri:1, instance:selenium.demoblaze.Signup@6107227e]" started-at="2020-09-18T09:43:48Z" name="signup" finished-at="2020-09-18T09:43:52Z" duration-ms="3561" status="PASS">
          <reporter-output>
          </reporter-output>
        </test-method> <!-- signup -->
      </class> <!-- selenium.demoblaze.Signup -->
      <class name="selenium.demoblaze.LoginClass">
        <test-method is-config="true" signature="beforeMethod()[pri:0, instance:selenium.demoblaze.LoginClass@5db45159]" started-at="2020-09-18T09:43:52Z" name="beforeMethod" finished-at="2020-09-18T09:43:58Z" duration-ms="6280" status="PASS">
          <reporter-output>
          </reporter-output>
        </test-method> <!-- beforeMethod -->
        <test-method signature="login()[pri:2, instance:selenium.demoblaze.LoginClass@5db45159]" started-at="2020-09-18T09:43:58Z" name="login" finished-at="2020-09-18T09:43:59Z" duration-ms="590" status="PASS">
          <reporter-output>
          </reporter-output>
        </test-method> <!-- login -->
      </class> <!-- selenium.demoblaze.LoginClass -->
    </test> <!-- Test -->
  </suite> <!-- Suite -->
</testng-results>
